#-----------------------------------------------------------
# Vivado v2025.2 (64-bit)
# SW Build 6299465 on Fri Nov 14 12:34:56 MST 2025
# IP Build 6300035 on Fri Nov 14 10:48:45 MST 2025
# SharedData Build 6298862 on Thu Nov 13 04:50:51 MST 2025
# Start of session at: Thu Mar 19 16:06:22 2026
# Process ID         : 115514
# Current directory  : /home/brendan/synthesis_workspace/AXI4_Crossbar/synthesis_logs
# Command line       : vivado -mode batch -source synth_axi_xbar_top.tcl -log vivado_axi_xbar_top.log -journal vivado_axi_xbar_top.jou
# Log file           : /home/brendan/synthesis_workspace/AXI4_Crossbar/synthesis_logs/vivado_axi_xbar_top.log
# Journal file       : /home/brendan/synthesis_workspace/AXI4_Crossbar/synthesis_logs/vivado_axi_xbar_top.jou
# Running On         : bren-ubuntu24-04
# Platform           : Ubuntu
# Operating System   : Ubuntu 24.04.4 LTS
# Processor Detail   : Intel(R) Core(TM) i7-3770 CPU @ 3.40GHz
# CPU Frequency      : 3691.780 MHz
# CPU Physical cores : 4
# CPU Logical cores  : 8
# Host memory        : 16630 MB
# Swap memory        : 4294 MB
# Total Virtual      : 20925 MB
# Available Virtual  : 9814 MB
#-----------------------------------------------------------
source synth_axi_xbar_top.tcl
# create_project -in_memory -part xc7a35tcpg236-1
create_project: Time (s): cpu = 00:00:18 ; elapsed = 00:00:11 . Memory (MB): peak = 1626.883 ; gain = 171.715 ; free physical = 651 ; free virtual = 7495
# read_verilog -sv [list \
#     /home/brendan/synthesis_workspace/AXI4_Crossbar/rtl/axi_xbar_pkg.sv \
#     /home/brendan/synthesis_workspace/AXI4_Crossbar/rtl/axi_addr_decoder.sv \
#     /home/brendan/synthesis_workspace/AXI4_Crossbar/rtl/axi_arbiter.sv \
#     /home/brendan/synthesis_workspace/AXI4_Crossbar/rtl/axi_err_slave.sv \
#     /home/brendan/synthesis_workspace/AXI4_Crossbar/rtl/axi_r_path.sv \
#     /home/brendan/synthesis_workspace/AXI4_Crossbar/rtl/axi_w_path.sv \
#     /home/brendan/synthesis_workspace/AXI4_Crossbar/rtl/axi_xbar_top.sv \
# ]
# set_property top axi_xbar_top [current_fileset]
ERROR: [Common 17-53] User Exception: No open design. Please open an elaborated, synthesized or implemented design before executing this command.
INFO: [Common 17-206] Exiting Vivado at Thu Mar 19 16:06:47 2026...
